2023-06-12 17:51:14,974 DEBUG Main: Создание Hippodrome, лошадей [50]
2023-06-12 17:51:16,298 DEBUG Main: Создание Horse, имя [Horse0], скорость [0.0]
2023-06-12 17:51:16,309 DEBUG Main: Создание Horse, имя [Horse1], скорость [1.0]
2023-06-12 17:51:16,310 DEBUG Main: Создание Horse, имя [Horse2], скорость [2.0]
2023-06-12 17:51:16,311 DEBUG Main: Создание Horse, имя [Horse3], скорость [3.0]
2023-06-12 17:51:16,312 DEBUG Main: Создание Horse, имя [Horse4], скорость [4.0]
2023-06-12 17:51:16,312 DEBUG Main: Создание Horse, имя [Horse5], скорость [5.0]
2023-06-12 17:51:16,313 DEBUG Main: Создание Horse, имя [Horse6], скорость [6.0]
2023-06-12 17:51:16,315 DEBUG Main: Создание Horse, имя [Horse7], скорость [7.0]
2023-06-12 17:51:16,316 DEBUG Main: Создание Horse, имя [Horse8], скорость [8.0]
2023-06-12 17:51:16,318 DEBUG Main: Создание Horse, имя [Horse9], скорость [9.0]
2023-06-12 17:51:16,318 DEBUG Main: Создание Horse, имя [Horse10], скорость [10.0]
2023-06-12 17:51:16,320 DEBUG Main: Создание Horse, имя [Horse11], скорость [11.0]
2023-06-12 17:51:16,321 DEBUG Main: Создание Horse, имя [Horse12], скорость [12.0]
2023-06-12 17:51:16,322 DEBUG Main: Создание Horse, имя [Horse13], скорость [13.0]
2023-06-12 17:51:16,323 DEBUG Main: Создание Horse, имя [Horse14], скорость [14.0]
2023-06-12 17:51:16,323 DEBUG Main: Создание Horse, имя [Horse15], скорость [15.0]
2023-06-12 17:51:16,326 DEBUG Main: Создание Horse, имя [Horse16], скорость [16.0]
2023-06-12 17:51:16,328 DEBUG Main: Создание Horse, имя [Horse17], скорость [17.0]
2023-06-12 17:51:16,328 DEBUG Main: Создание Horse, имя [Horse18], скорость [18.0]
2023-06-12 17:51:16,329 DEBUG Main: Создание Horse, имя [Horse19], скорость [19.0]
2023-06-12 17:51:16,329 DEBUG Main: Создание Horse, имя [Horse20], скорость [20.0]
2023-06-12 17:51:16,329 DEBUG Main: Создание Horse, имя [Horse21], скорость [21.0]
2023-06-12 17:51:16,330 DEBUG Main: Создание Horse, имя [Horse22], скорость [22.0]
2023-06-12 17:51:16,330 DEBUG Main: Создание Horse, имя [Horse23], скорость [23.0]
2023-06-12 17:51:16,331 DEBUG Main: Создание Horse, имя [Horse24], скорость [24.0]
2023-06-12 17:51:16,331 DEBUG Main: Создание Horse, имя [Horse25], скорость [25.0]
2023-06-12 17:51:16,361 DEBUG Main: Создание Horse, имя [Horse26], скорость [26.0]
2023-06-12 17:51:16,361 DEBUG Main: Создание Horse, имя [Horse27], скорость [27.0]
2023-06-12 17:51:16,377 DEBUG Main: Создание Horse, имя [Horse28], скорость [28.0]
2023-06-12 17:51:16,379 DEBUG Main: Создание Horse, имя [Horse29], скорость [29.0]
2023-06-12 17:51:16,379 DEBUG Main: Создание Hippodrome, лошадей [30]
2023-06-12 17:51:16,446 ERROR Main: Horses list is empty
2023-06-12 17:51:16,491 DEBUG Main: Создание Horse, имя [Horse1], скорость [1.0]
2023-06-12 17:51:16,492 DEBUG Main: Создание Horse, имя [Horse2], скорость [2.0]
2023-06-12 17:51:16,492 DEBUG Main: Создание Horse, имя [Horse3], скорость [3.0]
2023-06-12 17:51:16,493 DEBUG Main: Создание Hippodrome, лошадей [3]
2023-06-12 17:51:16,542 ERROR Main: Horses list is null
2023-06-12 17:51:17,526 DEBUG Main: Создание Horse, имя [Name], скорость [100.0]
2023-06-12 17:51:17,552 DEBUG Main: Создание Horse, имя [Name], скорость [100.0]
2023-06-12 17:51:19,041 DEBUG Main: Создание Horse, имя [Name], скорость [100.0]
2023-06-12 17:51:19,836 ERROR Main: Name is blank
2023-06-12 17:51:19,972 DEBUG Main: Создание Horse, имя [Name], скорость [100.0]
2023-06-12 17:51:19,975 ERROR Main: Name is blank
2023-06-12 17:51:19,993 DEBUG Main: Создание Horse, имя [Name], скорость [100.0]
2023-06-12 17:51:19,994 ERROR Main: Name is blank
2023-06-12 17:51:20,015 DEBUG Main: Создание Horse, имя [Name], скорость [100.0]
2023-06-12 17:51:20,016 ERROR Main: Name is blank
2023-06-12 17:51:20,064 DEBUG Main: Создание Horse, имя [Name], скорость [100.0]
2023-06-12 17:51:20,182 DEBUG Main: Создание Horse, имя [Name], скорость [100.0]
2023-06-12 17:51:20,226 DEBUG Main: Создание Horse, имя [Name], скорость [100.0]
2023-06-12 17:51:20,241 DEBUG Main: Создание Horse, имя [Name], скорость [100.0]
2023-06-12 17:51:20,273 DEBUG Main: Создание Horse, имя [Name], скорость [100.0]
2023-06-12 17:51:20,342 DEBUG Main: Создание Horse, имя [Name], скорость [100.0]
2023-06-12 17:51:20,368 DEBUG Main: Создание Horse, имя [Name], скорость [100.0]
2023-06-12 17:51:20,427 DEBUG Main: Создание Horse, имя [Name], скорость [100.0]
2023-06-12 17:51:20,439 DEBUG Main: Создание Horse, имя [Name], скорость [100.0]
2023-06-12 17:51:20,441 ERROR Main: Speed is negative
2023-06-12 17:51:20,442 ERROR Main: Speed is negative
2023-06-12 17:51:20,443 ERROR Main: Distance is negative
2023-06-12 17:51:20,452 DEBUG Main: Создание Horse, имя [Name], скорость [100.0]
2023-06-12 17:51:20,466 DEBUG Main: Создание Horse, имя [Name], скорость [100.0]
2023-06-12 17:51:20,468 DEBUG Main: Создание Horse, имя [Name], скорость [1.0]
2023-06-12 17:51:20,485 DEBUG Main: Создание Horse, имя [Name], скорость [100.0]
2023-06-12 17:51:20,487 ERROR Main: Name is null
2023-06-12 17:51:20,488 ERROR Main: Name is null
2023-06-12 17:51:20,495 DEBUG Main: Создание Horse, имя [Name], скорость [100.0]
